e:\users\tai\desktop\4335\ocean warfare\ocean warfare\release\vc141.pdb
e:\users\tai\desktop\4335\ocean warfare\ocean warfare\release\spawn.obj
e:\users\tai\desktop\4335\ocean warfare\ocean warfare\release\maths.obj
e:\users\tai\desktop\4335\ocean warfare\ocean warfare\release\main.obj
e:\users\tai\desktop\4335\ocean warfare\ocean warfare\release\draw.obj
e:\users\tai\desktop\4335\ocean warfare\ocean warfare\release\image.obj
e:\users\tai\desktop\4335\ocean warfare\release\ocean warfare.exe
e:\users\tai\desktop\4335\ocean warfare\release\ocean warfare.pdb
e:\users\tai\desktop\4335\ocean warfare\release\ocean warfare.ipdb
e:\users\tai\desktop\4335\ocean warfare\release\ocean warfare.iobj
c:\users\user\desktop\it114206\met4335\ea\ocean warfare\ocean warfare\release\draw.obj
c:\users\user\desktop\it114206\met4335\ea\ocean warfare\ocean warfare\release\image.obj
c:\users\user\desktop\it114206\met4335\ea\ocean warfare\ocean warfare\release\main.obj
c:\users\user\desktop\it114206\met4335\ea\ocean warfare\ocean warfare\release\maths.obj
c:\users\user\desktop\it114206\met4335\ea\ocean warfare\ocean warfare\release\spawn.obj
c:\users\user\desktop\it114206\met4335\ea\ocean warfare\ocean warfare\release\vc141.pdb
c:\users\user\desktop\it114206\met4335\ea\ocean warfare\release\ocean warfare.pdb
c:\users\user\desktop\it114206\met4335\ea\ocean warfare\release\ocean warfare.exe
c:\users\user\desktop\it114206\met4335\ea\ocean warfare\ocean warfare\release\ocean warfare.tlog\cl.command.1.tlog
c:\users\user\desktop\it114206\met4335\ea\ocean warfare\ocean warfare\release\ocean warfare.tlog\cl.read.1.tlog
c:\users\user\desktop\it114206\met4335\ea\ocean warfare\ocean warfare\release\ocean warfare.tlog\cl.write.1.tlog
c:\users\user\desktop\it114206\met4335\ea\ocean warfare\ocean warfare\release\ocean warfare.tlog\link.command.1.tlog
c:\users\user\desktop\it114206\met4335\ea\ocean warfare\ocean warfare\release\ocean warfare.tlog\link.read.1.tlog
c:\users\user\desktop\it114206\met4335\ea\ocean warfare\ocean warfare\release\ocean warfare.tlog\link.write.1.tlog
c:\users\user\desktop\it114206\met4335\ea\ocean warfare\ocean warfare\release\ocean warfare.tlog\ocean warfare.write.1u.tlog
